[2022-02-09 07:05:59] local.ERROR: rename(C:\tripa\www\proxima\bootstrap\cache\serCB1E.tmp,C:\tripa\www\proxima\bootstrap\cache\services.php): Access is denied. (code: 5) {"exception":"[object] (ErrorException(code: 0): rename(C:\\tripa\\www\\proxima\\bootstrap\\cache\\serCB1E.tmp,C:\\tripa\\www\\proxima\\bootstrap\\cache\\services.php): Access is denied. (code: 5) at C:\\tripa\\www\\proxima\\vendor\\laravel\\framework\\src\\Illuminate\\Filesystem\\Filesystem.php:157)
[stacktrace]
#0 [internal function]: Illuminate\\Foundation\\Bootstrap\\HandleExceptions->handleError(2, 'rename(C:\\\\tripa...', 'C:\\\\tripa\\\\www\\\\pr...', 157, Array)
#1 C:\\tripa\\www\\proxima\\vendor\\laravel\\framework\\src\\Illuminate\\Filesystem\\Filesystem.php(157): rename('C:\\\\tripa\\\\www\\\\pr...', 'C:\\\\tripa\\\\www\\\\pr...')
#2 C:\\tripa\\www\\proxima\\vendor\\laravel\\framework\\src\\Illuminate\\Foundation\\ProviderRepository.php(194): Illuminate\\Filesystem\\Filesystem->replace('C:\\\\tripa\\\\www\\\\pr...', '<?php return ar...')
#3 C:\\tripa\\www\\proxima\\vendor\\laravel\\framework\\src\\Illuminate\\Foundation\\ProviderRepository.php(165): Illuminate\\Foundation\\ProviderRepository->writeManifest(Array)
#4 C:\\tripa\\www\\proxima\\vendor\\laravel\\framework\\src\\Illuminate\\Foundation\\ProviderRepository.php(61): Illuminate\\Foundation\\ProviderRepository->compileManifest(Array)
#5 C:\\tripa\\www\\proxima\\vendor\\laravel\\framework\\src\\Illuminate\\Foundation\\Application.php(604): Illuminate\\Foundation\\ProviderRepository->load(Array)
#6 C:\\tripa\\www\\proxima\\vendor\\laravel\\framework\\src\\Illuminate\\Foundation\\Bootstrap\\RegisterProviders.php(17): Illuminate\\Foundation\\Application->registerConfiguredProviders()
#7 C:\\tripa\\www\\proxima\\vendor\\laravel\\framework\\src\\Illuminate\\Foundation\\Application.php(230): Illuminate\\Foundation\\Bootstrap\\RegisterProviders->bootstrap(Object(Illuminate\\Foundation\\Application))
#8 C:\\tripa\\www\\proxima\\vendor\\laravel\\framework\\src\\Illuminate\\Foundation\\Console\\Kernel.php(310): Illuminate\\Foundation\\Application->bootstrapWith(Array)
#9 C:\\tripa\\www\\proxima\\vendor\\laravel\\framework\\src\\Illuminate\\Foundation\\Console\\Kernel.php(127): Illuminate\\Foundation\\Console\\Kernel->bootstrap()
#10 Command line code(1): Illuminate\\Foundation\\Console\\Kernel->handle(Object(Symfony\\Component\\Console\\Input\\ArgvInput), Object(Symfony\\Component\\Console\\Output\\ConsoleOutput))
#11 {main}
"} 
[2022-02-09 07:05:59] local.ERROR: rename(C:\tripa\www\proxima\bootstrap\cache\serCB1C.tmp,C:\tripa\www\proxima\bootstrap\cache\services.php): Access is denied. (code: 5) {"exception":"[object] (ErrorException(code: 0): rename(C:\\tripa\\www\\proxima\\bootstrap\\cache\\serCB1C.tmp,C:\\tripa\\www\\proxima\\bootstrap\\cache\\services.php): Access is denied. (code: 5) at C:\\tripa\\www\\proxima\\vendor\\laravel\\framework\\src\\Illuminate\\Filesystem\\Filesystem.php:157)
[stacktrace]
#0 [internal function]: Illuminate\\Foundation\\Bootstrap\\HandleExceptions->handleError(2, 'rename(C:\\\\tripa...', 'C:\\\\tripa\\\\www\\\\pr...', 157, Array)
#1 C:\\tripa\\www\\proxima\\vendor\\laravel\\framework\\src\\Illuminate\\Filesystem\\Filesystem.php(157): rename('C:\\\\tripa\\\\www\\\\pr...', 'C:\\\\tripa\\\\www\\\\pr...')
#2 C:\\tripa\\www\\proxima\\vendor\\laravel\\framework\\src\\Illuminate\\Foundation\\ProviderRepository.php(194): Illuminate\\Filesystem\\Filesystem->replace('C:\\\\tripa\\\\www\\\\pr...', '<?php return ar...')
#3 C:\\tripa\\www\\proxima\\vendor\\laravel\\framework\\src\\Illuminate\\Foundation\\ProviderRepository.php(165): Illuminate\\Foundation\\ProviderRepository->writeManifest(Array)
#4 C:\\tripa\\www\\proxima\\vendor\\laravel\\framework\\src\\Illuminate\\Foundation\\ProviderRepository.php(61): Illuminate\\Foundation\\ProviderRepository->compileManifest(Array)
#5 C:\\tripa\\www\\proxima\\vendor\\laravel\\framework\\src\\Illuminate\\Foundation\\Application.php(604): Illuminate\\Foundation\\ProviderRepository->load(Array)
#6 C:\\tripa\\www\\proxima\\vendor\\laravel\\framework\\src\\Illuminate\\Foundation\\Bootstrap\\RegisterProviders.php(17): Illuminate\\Foundation\\Application->registerConfiguredProviders()
#7 C:\\tripa\\www\\proxima\\vendor\\laravel\\framework\\src\\Illuminate\\Foundation\\Application.php(230): Illuminate\\Foundation\\Bootstrap\\RegisterProviders->bootstrap(Object(Illuminate\\Foundation\\Application))
#8 C:\\tripa\\www\\proxima\\vendor\\laravel\\framework\\src\\Illuminate\\Foundation\\Console\\Kernel.php(310): Illuminate\\Foundation\\Application->bootstrapWith(Array)
#9 C:\\tripa\\www\\proxima\\vendor\\laravel\\framework\\src\\Illuminate\\Foundation\\Console\\Kernel.php(127): Illuminate\\Foundation\\Console\\Kernel->bootstrap()
#10 Command line code(1): Illuminate\\Foundation\\Console\\Kernel->handle(Object(Symfony\\Component\\Console\\Input\\ArgvInput), Object(Symfony\\Component\\Console\\Output\\ConsoleOutput))
#11 {main}
"} 
